\BOOKMARK [0][-]{chapter*.1}{Voorwoord}{}% 1
\BOOKMARK [0][-]{chapter*.2}{Korte Samenvatting}{}% 2
\BOOKMARK [0][-]{chapter*.3}{Lijst van afkortingen en lijst van symbolen}{}% 3
\BOOKMARK [0][-]{chapter.1}{Inleiding}{}% 4
\BOOKMARK [0][-]{chapter.2}{Achtergrond}{}% 5
\BOOKMARK [1][-]{section.2.1}{Redeneren met Onzekerheid}{chapter.2}% 6
\BOOKMARK [1][-]{section.2.2}{Probabilistische Programmeertalen}{chapter.2}% 7
\BOOKMARK [2][-]{subsection.2.2.1}{De Programmeertaal ProbLog2}{section.2.2}% 8
\BOOKMARK [2][-]{subsection.2.2.2}{Anglican}{section.2.2}% 9
\BOOKMARK [0][-]{chapter.3}{Uitwerking van de case study}{}% 10
\BOOKMARK [1][-]{section.3.1}{Onzekerheidsprobleem}{chapter.3}% 11
\BOOKMARK [2][-]{subsection.3.1.1}{Spel}{section.3.1}% 12
\BOOKMARK [2][-]{subsection.3.1.2}{Strategie\353n}{section.3.1}% 13
\BOOKMARK [1][-]{section.3.2}{Evaluatiecriteria}{chapter.3}% 14
\BOOKMARK [2][-]{subsection.3.2.1}{Performantie}{section.3.2}% 15
\BOOKMARK [2][-]{subsection.3.2.2}{Expressiviteit}{section.3.2}% 16
\BOOKMARK [2][-]{subsection.3.2.3}{Uitbreidbaarheid}{section.3.2}% 17
\BOOKMARK [2][-]{subsection.3.2.4}{Geheugengebruik}{section.3.2}% 18
\BOOKMARK [2][-]{subsection.3.2.5}{Beschikbare Tools}{section.3.2}% 19
\BOOKMARK [2][-]{subsection.3.2.6}{Moeilijkheidsgraad}{section.3.2}% 20
\BOOKMARK [0][-]{chapter.4}{Evaluatie en Vergelijking van ProbLog2 en Anglican}{}% 21
\BOOKMARK [1][-]{section.4.1}{ProbLog2}{chapter.4}% 22
\BOOKMARK [2][-]{subsection.4.1.1}{Performantie}{section.4.1}% 23
\BOOKMARK [2][-]{subsection.4.1.2}{Expressiviteit}{section.4.1}% 24
\BOOKMARK [2][-]{subsection.4.1.3}{Uitbreidbaarheid}{section.4.1}% 25
\BOOKMARK [2][-]{subsection.4.1.4}{Geheugengebruik}{section.4.1}% 26
\BOOKMARK [2][-]{subsection.4.1.5}{Beschikbare Tools}{section.4.1}% 27
\BOOKMARK [2][-]{subsection.4.1.6}{Moeilijkheidsgraad}{section.4.1}% 28
\BOOKMARK [1][-]{section.4.2}{Anglican}{chapter.4}% 29
\BOOKMARK [2][-]{subsection.4.2.1}{Performantie}{section.4.2}% 30
\BOOKMARK [2][-]{subsection.4.2.2}{Expressiviteit}{section.4.2}% 31
\BOOKMARK [2][-]{subsection.4.2.3}{Uitbreidbaarheid}{section.4.2}% 32
\BOOKMARK [2][-]{subsection.4.2.4}{Geheugengebruik}{section.4.2}% 33
\BOOKMARK [2][-]{subsection.4.2.5}{Beschikbare Tools}{section.4.2}% 34
\BOOKMARK [2][-]{subsection.4.2.6}{Moeilijkheidsgraad}{section.4.2}% 35
\BOOKMARK [1][-]{section.4.3}{ProbLog2 - Anglican}{chapter.4}% 36
\BOOKMARK [2][-]{subsection.4.3.1}{Performantie}{section.4.3}% 37
\BOOKMARK [2][-]{subsection.4.3.2}{Expressiviteit}{section.4.3}% 38
\BOOKMARK [2][-]{subsection.4.3.3}{Uitbreidbaarheid}{section.4.3}% 39
\BOOKMARK [2][-]{subsection.4.3.4}{Geheugengebruik}{section.4.3}% 40
\BOOKMARK [2][-]{subsection.4.3.5}{Beschikbare Tools}{section.4.3}% 41
\BOOKMARK [2][-]{subsection.4.3.6}{Moeilijkheidsgraad}{section.4.3}% 42
\BOOKMARK [0][-]{chapter.5}{Conclusie}{}% 43
\BOOKMARK [1][-]{section.5.1}{Toekomstig werk}{chapter.5}% 44
